Arguments: 
  /usr/bin/node /usr/share/yarn/bin/yarn.js dev

PATH: 
  /home/ndtho/.npm-global/bin:/home/ndtho/.pyenv/plugins/pyenv-virtualenv/shims:/home/ndtho/.pyenv/shims:/home/ndtho/.pyenv/bin:/home/ndtho/.npm-global/bin:/home/ndtho/.pyenv/plugins/pyenv-virtualenv/shims:/home/ndtho/.pyenv/shims:/home/ndtho/.pyenv/bin:/home/ndtho/bin:/home/ndtho/.local/bin:/usr/local/sbin:/usr/local/bin:/usr/sbin:/usr/bin:/sbin:/bin:/usr/games:/usr/local/games:/snap/bin:/usr/lib/jvm/java-8-oracle/bin:/usr/lib/jvm/java-8-oracle/db/bin:/usr/lib/jvm/java-8-oracle/jre/bin:/opt/android-sdk:/opt/android-sdk/tools:/opt/android-sdk/platform-tools:/opt/android-sdk/tools/bin:/opt/android-sdk:/opt/android-sdk/tools:/opt/android-sdk/platform-tools:/opt/android-sdk/tools/bin

Yarn version: 
  1.5.1

Node version: 
  8.9.4

Platform: 
  linux x64

npm manifest: 
  No manifest

yarn manifest: 
  No manifest

Lockfile: 
  No lockfile

Trace: 
  Error: Couldn't find a package.json file in "/home/ndtho/Documents/Projects/mobile_application_development"
      at new MessageError (/usr/share/yarn/lib/cli.js:186:110)
      at /usr/share/yarn/lib/cli.js:40048:15
      at Generator.next (<anonymous>)
      at step (/usr/share/yarn/lib/cli.js:98:30)
      at /usr/share/yarn/lib/cli.js:109:13
      at <anonymous>
